<?xml version="1.0" encoding="UTF-8"?>
<testsuite name="io.turntabl.ClientControllerTest" tests="1" skipped="0" failures="0" errors="0" timestamp="2019-11-08T11:23:50" hostname="ip-172-31-19-39" time="0.053">
  <properties/>
  <testcase name="testSearchByName" classname="io.turntabl.ClientControllerTest" time="0.053"/>
  <system-out><![CDATA[]]></system-out>
  <system-err><![CDATA[]]></system-err>
</testsuite>
