<?xml version="1.0" encoding="UTF-8"?>
<testsuite name="io.turntabl.ClientControllerTest" tests="4" skipped="0" failures="0" errors="0" timestamp="2019-11-08T12:03:45" hostname="ip-172-31-19-39" time="0.079">
  <properties/>
  <testcase name="testViewAllClients" classname="io.turntabl.ClientControllerTest" time="0.063"/>
  <testcase name="testUpdateClient" classname="io.turntabl.ClientControllerTest" time="0.012"/>
  <testcase name="testDeleteClient" classname="io.turntabl.ClientControllerTest" time="0.001"/>
  <testcase name="testSearchByName" classname="io.turntabl.ClientControllerTest" time="0.001"/>
  <system-out><![CDATA[]]></system-out>
  <system-err><![CDATA[]]></system-err>
</testsuite>
