<?xml version="1.0" encoding="UTF-8"?>
<testsuite name="io.turntabl.ClientControllerTest" tests="2" skipped="0" failures="0" errors="0" timestamp="2019-11-08T09:40:00" hostname="sammy" time="0.002">
  <properties/>
  <testcase name="testUpdateClient" classname="io.turntabl.ClientControllerTest" time="0.001"/>
  <testcase name="testDeleteClient" classname="io.turntabl.ClientControllerTest" time="0.0"/>
  <system-out><![CDATA[]]></system-out>
  <system-err><![CDATA[]]></system-err>
</testsuite>
