<?xml version="1.0" encoding="UTF-8"?>
<testsuite name="io.turntabl.ClientControllerTest" tests="4" skipped="0" failures="0" errors="0" timestamp="2019-11-08T13:28:05" hostname="sammy" time="0.19">
  <properties/>
  <testcase name="testViewAllClients" classname="io.turntabl.ClientControllerTest" time="0.116"/>
  <testcase name="testUpdateClient" classname="io.turntabl.ClientControllerTest" time="0.059"/>
  <testcase name="testDeleteClient" classname="io.turntabl.ClientControllerTest" time="0.007"/>
  <testcase name="testSearchByName" classname="io.turntabl.ClientControllerTest" time="0.004"/>
  <system-out><![CDATA[]]></system-out>
  <system-err><![CDATA[]]></system-err>
</testsuite>
