<?xml version="1.0" encoding="UTF-8"?>
<testsuite name="io.turntabl.NumbersTest" tests="1" skipped="0" failures="0" errors="0" timestamp="2019-11-06T11:48:23" hostname="ip-172-31-19-39" time="0.001">
  <properties/>
  <testcase name="testLessThanZero" classname="io.turntabl.NumbersTest" time="0.001"/>
  <system-out><![CDATA[]]></system-out>
  <system-err><![CDATA[]]></system-err>
</testsuite>
