<?xml version="1.0" encoding="UTF-8"?>
<testsuite name="io.turntabl.ClientControllerTest" tests="4" skipped="0" failures="0" errors="0" timestamp="2019-11-08T19:38:55" hostname="sammy" time="0.137">
  <properties/>
  <testcase name="testViewAllClients" classname="io.turntabl.ClientControllerTest" time="0.085"/>
  <testcase name="testUpdateClient" classname="io.turntabl.ClientControllerTest" time="0.046"/>
  <testcase name="testDeleteClient" classname="io.turntabl.ClientControllerTest" time="0.003"/>
  <testcase name="testSearchByName" classname="io.turntabl.ClientControllerTest" time="0.002"/>
  <system-out><![CDATA[]]></system-out>
  <system-err><![CDATA[]]></system-err>
</testsuite>
